<?xml version="1.0" encoding="UTF-8"?>
<!-- Generated by org.testng.reporters.JUnitReportReporter -->
<testsuite hostname="MONO-HYD-LAP15" failures="0" tests="1" name="com.superapp.tests.ClickOnGenerateQuoteQuickLinkTest" time="54.064" errors="0" timestamp="2024-05-31T13:36:53 IST" skipped="0">
  <testcase classname="com.superapp.tests.ClickOnGenerateQuoteQuickLinkTest" name="generateQuoteQuickLinkTest" time="54.064"/>
</testsuite> <!-- com.superapp.tests.ClickOnGenerateQuoteQuickLinkTest -->
