<?xml version="1.0" encoding="UTF-8"?>
<!-- Generated by org.testng.reporters.JUnitReportReporter -->
<testsuite hostname="MONO-HYD-LAP15" failures="0" tests="1" name="com.superapp.tests.VerifyPolicyLoginQuickLinkTest" time="54.957" errors="0" timestamp="2024-06-03T15:34:18 IST" skipped="0">
  <testcase classname="com.superapp.tests.VerifyPolicyLoginQuickLinkTest" name="policyLoginQuickLinkTest" time="54.957"/>
</testsuite> <!-- com.superapp.tests.VerifyPolicyLoginQuickLinkTest -->
