<?xml version="1.0" encoding="UTF-8"?>
<!-- Generated by org.testng.reporters.JUnitReportReporter -->
<testsuite hostname="MONO-HYD-LAP15" failures="0" tests="1" name="com.superapp.tests.VerifyPolicyLoginMenuLauncherTest" time="55.290" errors="0" timestamp="2024-06-03T17:42:55 IST" skipped="0">
  <testcase classname="com.superapp.tests.VerifyPolicyLoginMenuLauncherTest" name="policyLoginMenuLauncherTest" time="55.290"/>
</testsuite> <!-- com.superapp.tests.VerifyPolicyLoginMenuLauncherTest -->
