<?xml version="1.0" encoding="UTF-8"?>
<!-- Generated by org.testng.reporters.JUnitReportReporter -->
<testsuite hostname="MONO-HYD-LAP15" failures="0" tests="1" name="com.superapp.tests.SelectingALeadFromGenerateQuotePageTest" time="95.053" errors="0" timestamp="2024-06-04T12:35:09 IST" skipped="0">
  <testcase classname="com.superapp.tests.SelectingALeadFromGenerateQuotePageTest" name="selectLeadFromGenerateQuote" time="95.053"/>
</testsuite> <!-- com.superapp.tests.SelectingALeadFromGenerateQuotePageTest -->
