<?xml version="1.0" encoding="UTF-8"?>
<!-- Generated by org.testng.reporters.JUnitReportReporter -->
<testsuite hostname="MONO-HYD-LAP15" failures="0" tests="1" name="com.superapp.tests.AddNewLeadQuickLinkTest" time="49.541" errors="0" timestamp="2024-05-31T13:17:14 IST" skipped="0">
  <testcase classname="com.superapp.tests.AddNewLeadQuickLinkTest" name="generateQuoteQuickLinkTest" time="49.541"/>
</testsuite> <!-- com.superapp.tests.AddNewLeadQuickLinkTest -->
