<?xml version="1.0" encoding="UTF-8"?>
<!-- Generated by org.testng.reporters.JUnitReportReporter -->
<testsuite hostname="MONO-HYD-LAP15" failures="0" tests="1" name="com.superapp.tests.VerifyComparePlanQuickLinkTest" time="69.128" errors="0" timestamp="2024-06-04T16:32:56 IST" skipped="0">
  <testcase classname="com.superapp.tests.VerifyComparePlanQuickLinkTest" name="comparePlanMenuLauncherTest" time="69.128"/>
</testsuite> <!-- com.superapp.tests.VerifyComparePlanQuickLinkTest -->
