<?xml version="1.0" encoding="UTF-8"?>
<!-- Generated by org.testng.reporters.JUnitReportReporter -->
<testsuite hostname="MONO-HYD-LAP15" failures="0" tests="1" name="com.superapp.tests.GenerateQuoteSearchFunctionalityTest" time="64.958" errors="0" timestamp="2024-06-04T10:43:59 IST" skipped="0">
  <testcase classname="com.superapp.tests.GenerateQuoteSearchFunctionalityTest" name="verifySearchButton" time="64.958"/>
</testsuite> <!-- com.superapp.tests.GenerateQuoteSearchFunctionalityTest -->
