<?xml version="1.0" encoding="UTF-8"?>
<!-- Generated by org.testng.reporters.JUnitReportReporter -->
<testsuite hostname="MONO-HYD-LAP15" failures="0" tests="1" name="com.superapp.tests.AutoLoginToVymoAfterClickingOnAddNewLeadTest" time="53.097" errors="0" timestamp="2024-05-31T18:11:51 IST" skipped="0">
  <testcase classname="com.superapp.tests.AutoLoginToVymoAfterClickingOnAddNewLeadTest" name="autoLoginToVYMOTest" time="53.097"/>
</testsuite> <!-- com.superapp.tests.AutoLoginToVymoAfterClickingOnAddNewLeadTest -->
