<?xml version="1.0" encoding="UTF-8"?>
<!-- Generated by org.testng.reporters.JUnitReportReporter -->
<testsuite hostname="MONO-HYD-LAP15" failures="0" tests="1" name="com.superapp.tests.ContinueComparePlanTest" time="57.843" errors="0" timestamp="2024-06-03T18:37:24 IST" skipped="0">
  <testcase classname="com.superapp.tests.ContinueComparePlanTest" name="continueComparePlanTest" time="57.843"/>
</testsuite> <!-- com.superapp.tests.ContinueComparePlanTest -->
