<?xml version="1.0" encoding="UTF-8"?>
<!-- Generated by org.testng.reporters.JUnitReportReporter -->
<testsuite hostname="MONO-HYD-LAP15" failures="0" tests="1" name="com.superapp.tests.ClickOnAddNewLeadQuickLinkTest" time="53.447" errors="0" timestamp="2024-05-31T15:08:02 IST" skipped="0">
  <testcase classname="com.superapp.tests.ClickOnAddNewLeadQuickLinkTest" name="generateQuoteQuickLinkTest" time="53.447"/>
</testsuite> <!-- com.superapp.tests.ClickOnAddNewLeadQuickLinkTest -->
