<?xml version="1.0" encoding="UTF-8"?>
<!-- Generated by org.testng.reporters.JUnitReportReporter -->
<testsuite hostname="MONO-HYD-LAP397" failures="0" tests="1" name="com.superapp.tests.VerifyComparePlanFunctionalityFromQuickLinks" time="81.653" errors="0" timestamp="2024-06-06T12:57:27 IST" skipped="0">
  <testcase classname="com.superapp.tests.VerifyComparePlanFunctionalityFromQuickLinks" name="comparePlanFunctionality" time="81.653"/>
</testsuite> <!-- com.superapp.tests.VerifyComparePlanFunctionalityFromQuickLinks -->
