<?xml version="1.0" encoding="UTF-8"?>
<!-- Generated by org.testng.reporters.JUnitReportReporter -->
<testsuite hostname="MONO-HYD-LAP15" failures="0" tests="1" name="com.superapp.tests.GenerateQuoteCloseValidationTest" time="78.293" errors="0" timestamp="2024-06-04T13:06:35 IST" skipped="0">
  <testcase classname="com.superapp.tests.GenerateQuoteCloseValidationTest" name="generateQuoteCloseValidationTest" time="78.293"/>
</testsuite> <!-- com.superapp.tests.GenerateQuoteCloseValidationTest -->
