<?xml version="1.0" encoding="UTF-8"?>
<!-- Generated by org.testng.reporters.JUnitReportReporter -->
<testsuite hostname="MONO-HYD-LAP15" failures="0" tests="1" name="com.superapp.tests.VerifyGenerateQuoteBackButton" time="62.733" errors="0" timestamp="2024-06-03T20:31:43 IST" skipped="0">
  <testcase classname="com.superapp.tests.VerifyGenerateQuoteBackButton" name="verifyGenerateQuoteBackButton" time="62.733"/>
</testsuite> <!-- com.superapp.tests.VerifyGenerateQuoteBackButton -->
