<?xml version="1.0" encoding="UTF-8"?>
<!-- Generated by org.testng.reporters.JUnitReportReporter -->
<testsuite hostname="MONO-HYD-LAP15" failures="0" tests="1" name="Demo" time="11.332" errors="0" timestamp="2023-11-21T18:50:03 IST" skipped="0">
  <testcase classname="Demo" name="demo" time="11.332"/>
</testsuite> <!-- Demo -->
