<?xml version="1.0" encoding="UTF-8"?>
<!-- Generated by org.testng.reporters.JUnitReportReporter -->
<testsuite hostname="MONO-HYD-LAP397" failures="0" tests="1" name="com.superapp.tests.AppRun" time="83.184" errors="0" timestamp="2024-06-06T12:57:28 IST" skipped="0">
  <testcase classname="com.superapp.tests.AppRun" name="runApp" time="83.184"/>
</testsuite> <!-- com.superapp.tests.AppRun -->
