<?xml version="1.0" encoding="UTF-8"?>
<!-- Generated by org.testng.reporters.JUnitReportReporter -->
<testsuite hostname="MONO-HYD-LAP15" failures="0" tests="1" name="com.superapp.tests.LoginTest" time="19.901" errors="0" timestamp="2024-06-03T14:56:00 IST" skipped="0">
  <testcase classname="com.superapp.tests.LoginTest" name="loginTest" time="19.901"/>
</testsuite> <!-- com.superapp.tests.LoginTest -->
