<?xml version="1.0" encoding="UTF-8"?>
<!-- Generated by org.testng.reporters.JUnitReportReporter -->
<testsuite hostname="MONO-HYD-LAP15" failures="0" tests="1" name="Experiment.Testttttt" time="1.547" errors="0" timestamp="2024-01-16T11:36:14 IST" skipped="0">
  <testcase classname="Experiment.Testttttt" name="demo" time="1.547"/>
</testsuite> <!-- Experiment.Testttttt -->
